<?xml version="1.0" encoding="UTF-8"?>
<!-- Generated by org.testng.reporters.JUnitReportReporter -->
<testsuite hostname="DESKTOP-TP6MMLS" failures="0" tests="3" name="org.today.testScript.TC001" time="2.021" errors="0" timestamp="2025-10-31T12:33:47 IST" skipped="0">
  <testcase classname="org.today.testScript.TC001" name="validateTitle" time="0.029"/>
  <testcase classname="org.today.testScript.TC001" name="validateUrl" time="0.016"/>
  <testcase classname="org.today.testScript.TC001" name="validateLogin" time="1.976"/>
</testsuite> <!-- org.today.testScript.TC001 -->
